<?xml version="1.0" encoding="UTF-8"?>
<testsuite xmlns:xsi="http://www.w3.org/2001/XMLSchema-instance" xsi:noNamespaceSchemaLocation="https://maven.apache.org/surefire/maven-surefire-plugin/xsd/surefire-test-report-3.0.xsd" version="3.0" name="org.springframework.samples.petclinic.MySqlIntegrationTests" time="26.71" tests="2" errors="0" skipped="0" failures="0">
  <properties>
[...]
</properties>
  <testcase name="testFindAll" classname="org.springframework.samples.petclinic.MySqlIntegrationTests" time="0.171">
    <system-out><![CDATA[2023-09-07T21:05:27.520+03:00  INFO 3259 --- [           main] o.t.d.DockerClientProviderStrategy       : Loaded org.testcontainers.dockerclient.UnixSocketClientProviderStrategy from ~/.testcontainers.properties, will try it first
2023-09-07T21:05:28.140+03:00  INFO 3259 --- [           main] o.t.d.DockerClientProviderStrategy       : Found Docker environment with local Unix socket (unix:///var/run/docker.sock)
2023-09-07T21:05:28.144+03:00  INFO 3259 --- [           main] org.testcontainers.DockerClientFactory   : Docker host IP address is localhost
2023-09-07T21:05:28.179+03:00  INFO 3259 --- [           main] org.testcontainers.DockerClientFactory   : Connected to docker: 
  Server Version: 24.0.5
  API Version: 1.43
  Operating System: Docker Desktop
  Total Memory: 7817 MB
2023-09-07T21:05:28.211+03:00  INFO 3259 --- [           main] o.t.utility.ImageNameSubstitutor         : Image name substitution will be performed by: DefaultImageNameSubstitutor (composite of 'ConfigurationFileImageNameSubstitutor' and 'PrefixingImageNameSubstitutor')
2023-09-07T21:05:28.293+03:00  INFO 3259 --- [           main] tc.testcontainers/ryuk:0.5.1             : Creating container for image: testcontainers/ryuk:0.5.1
2023-09-07T21:05:28.546+03:00  INFO 3259 --- [           main] tc.testcontainers/ryuk:0.5.1             : Container testcontainers/ryuk:0.5.1 is starting: 8c2ab6e5b26890b9fd793ab0f245549e31450e4847842c2b239c68af6d3ebdf5
2023-09-07T21:05:29.412+03:00  INFO 3259 --- [           main] tc.testcontainers/ryuk:0.5.1             : Container testcontainers/ryuk:0.5.1 started in PT1.187504562S
2023-09-07T21:05:29.426+03:00  INFO 3259 --- [           main] o.t.utility.RyukResourceReaper           : Ryuk started - will monitor and terminate Testcontainers containers on JVM exit
2023-09-07T21:05:29.427+03:00  INFO 3259 --- [           main] org.testcontainers.DockerClientFactory   : Checking the system...
2023-09-07T21:05:29.429+03:00  INFO 3259 --- [           main] org.testcontainers.DockerClientFactory   : ✔︎ Docker server version should be at least 1.6.0
2023-09-07T21:05:29.441+03:00  INFO 3259 --- [           main] t.c.s.AnnotationConfigContextLoaderUtils : Could not detect default configuration classes for test class [org.springframework.samples.petclinic.MySqlIntegrationTests]: MySqlIntegrationTests does not declare any static, non-private, non-final, nested classes annotated with @Configuration.
2023-09-07T21:05:29.489+03:00  INFO 3259 --- [           main] .b.t.c.SpringBootTestContextBootstrapper : Found @SpringBootConfiguration org.springframework.samples.petclinic.PetClinicApplication for test class org.springframework.samples.petclinic.MySqlIntegrationTests
2023-09-07T21:05:29.513+03:00  INFO 3259 --- [           main] tc.mysql:5.7                             : Creating container for image: mysql:5.7
2023-09-07T21:05:29.685+03:00  INFO 3259 --- [           main] tc.mysql:5.7                             : Container mysql:5.7 is starting: 5ad5c32018bbd99e88a9ba0accd96a8225b7de8a84564efa271b5cad1932f094
2023-09-07T21:05:30.314+03:00  INFO 3259 --- [           main] tc.mysql:5.7                             : Waiting for database connection to become available at jdbc:mysql://localhost:58812/test using query 'SELECT 1'
2023-09-07T21:05:40.245+03:00  INFO 3259 --- [           main] tc.mysql:5.7                             : Container mysql:5.7 started in PT10.732624063S
2023-09-07T21:05:40.246+03:00  INFO 3259 --- [           main] tc.mysql:5.7                             : Container is started (JDBC URL: jdbc:mysql://localhost:58812/test)


              |\      _,,,--,,_
             /,`.-'`'   ._  \-;;,_
  _______ __|,4-  ) )_   .;.(__`'-'__     ___ __    _ ___ _______
 |       | '---''(_/._)-'(_\_)   |   |   |   |  |  | |   |       |
 |    _  |    ___|_     _|       |   |   |   |   |_| |   |       | __ _ _
 |   |_| |   |___  |   | |       |   |   |   |       |   |       | \ \ \ \
 |    ___|    ___| |   | |      _|   |___|   |  _    |   |      _|  \ \ \ \
 |   |   |   |___  |   | |     |_|       |   | | |   |   |     |_    ) ) ) )
 |___|   |_______| |___| |_______|_______|___|_|  |__|___|_______|  / / / /
 ==================================================================/_/_/_/

:: Built with Spring Boot :: 3.1.1


2023-09-07T21:05:40.286+03:00  INFO 3259 --- [           main] o.s.s.petclinic.MySqlIntegrationTests    : Starting MySqlIntegrationTests using Java 17.0.8 with PID 3259 (started by root in /home/avihaig/spring-petclinic)
2023-09-07T21:05:40.286+03:00  INFO 3259 --- [           main] o.s.s.petclinic.MySqlIntegrationTests    : The following 1 profile is active: "mysql"
2023-09-07T21:05:40.906+03:00  INFO 3259 --- [           main] .s.d.r.c.RepositoryConfigurationDelegate : Bootstrapping Spring Data JPA repositories in DEFAULT mode.
2023-09-07T21:05:40.954+03:00  INFO 3259 --- [           main] .s.d.r.c.RepositoryConfigurationDelegate : Finished Spring Data repository scanning in 38 ms. Found 2 JPA repository interfaces.
2023-09-07T21:05:41.505+03:00  INFO 3259 --- [           main] o.s.b.w.embedded.tomcat.TomcatWebServer  : Tomcat initialized with port(s): 0 (http)
2023-09-07T21:05:41.520+03:00  INFO 3259 --- [           main] o.apache.catalina.core.StandardService   : Starting service [Tomcat]
2023-09-07T21:05:41.521+03:00  INFO 3259 --- [           main] o.apache.catalina.core.StandardEngine    : Starting Servlet engine: [Apache Tomcat/10.1.10]
2023-09-07T21:05:41.656+03:00  INFO 3259 --- [           main] o.a.c.c.C.[Tomcat].[localhost].[/]       : Initializing Spring embedded WebApplicationContext
2023-09-07T21:05:41.656+03:00  INFO 3259 --- [           main] w.s.c.ServletWebServerApplicationContext : Root WebApplicationContext: initialization completed in 1367 ms
2023-09-07T21:05:41.781+03:00  INFO 3259 --- [           main] com.zaxxer.hikari.HikariDataSource       : HikariPool-1 - Starting...
2023-09-07T21:05:42.125+03:00  INFO 3259 --- [           main] com.zaxxer.hikari.pool.HikariPool        : HikariPool-1 - Added connection com.mysql.cj.jdbc.ConnectionImpl@5cae620
2023-09-07T21:05:42.127+03:00  INFO 3259 --- [           main] com.zaxxer.hikari.HikariDataSource       : HikariPool-1 - Start completed.
2023-09-07T21:05:42.138+03:00  INFO 3259 --- [           main] o.s.b.a.h2.H2ConsoleAutoConfiguration    : H2 console available at '/h2-console'. Database available at 'jdbc:mysql://localhost:58812/test'
2023-09-07T21:05:42.838+03:00  INFO 3259 --- [           main] o.hibernate.jpa.internal.util.LogHelper  : HHH000204: Processing PersistenceUnitInfo [name: default]
2023-09-07T21:05:42.966+03:00  INFO 3259 --- [           main] org.hibernate.Version                    : HHH000412: Hibernate ORM core version 6.2.5.Final
2023-09-07T21:05:42.970+03:00  INFO 3259 --- [           main] org.hibernate.cfg.Environment            : HHH000406: Using bytecode reflection optimizer
2023-09-07T21:05:43.216+03:00  INFO 3259 --- [           main] o.h.b.i.BytecodeProviderInitiator        : HHH000021: Bytecode provider name : bytebuddy
2023-09-07T21:05:43.233+03:00  INFO 3259 --- [           main] o.s.o.j.p.SpringPersistenceUnitInfo      : No LoadTimeWeaver setup: ignoring JPA class transformer
2023-09-07T21:05:43.741+03:00  INFO 3259 --- [           main] o.h.b.i.BytecodeProviderInitiator        : HHH000021: Bytecode provider name : bytebuddy
2023-09-07T21:05:44.760+03:00  INFO 3259 --- [           main] o.h.e.t.j.p.i.JtaPlatformInitiator       : HHH000490: Using JtaPlatform implementation: [org.hibernate.engine.transaction.jta.platform.internal.NoJtaPlatform]
2023-09-07T21:05:44.764+03:00  INFO 3259 --- [           main] j.LocalContainerEntityManagerFactoryBean : Initialized JPA EntityManagerFactory for persistence unit 'default'
2023-09-07T21:05:44.781+03:00  INFO 3259 --- [           main] tc.mysql:5.7                             : Creating container for image: mysql:5.7
2023-09-07T21:05:44.913+03:00  INFO 3259 --- [           main] tc.mysql:5.7                             : Container mysql:5.7 is starting: 7b7c9773f722ea8b5c07466cb1084fe0a840c01c9f47e7da32b33bf8c2b3bdb3
2023-09-07T21:05:45.388+03:00  INFO 3259 --- [           main] tc.mysql:5.7                             : Waiting for database connection to become available at jdbc:mysql://localhost:58813/test using query 'SELECT 1'
2023-09-07T21:05:54.009+03:00  INFO 3259 --- [           main] tc.mysql:5.7                             : Container mysql:5.7 started in PT9.227969467S
2023-09-07T21:05:54.009+03:00  INFO 3259 --- [           main] tc.mysql:5.7                             : Container is started (JDBC URL: jdbc:mysql://localhost:58813/test)
2023-09-07T21:05:54.277+03:00  INFO 3259 --- [           main] o.s.d.j.r.query.QueryEnhancerFactory     : Hibernate is in classpath; If applicable, HQL parser will be used.
2023-09-07T21:05:55.123+03:00  INFO 3259 --- [           main] o.s.b.a.e.web.EndpointLinksResolver      : Exposing 13 endpoint(s) beneath base path '/actuator'
2023-09-07T21:05:55.222+03:00  INFO 3259 --- [           main] o.s.b.w.embedded.tomcat.TomcatWebServer  : Tomcat started on port(s): 46345 (http) with context path ''
2023-09-07T21:05:55.229+03:00  INFO 3259 --- [           main] o.s.s.petclinic.MySqlIntegrationTests    : Started MySqlIntegrationTests in 14.975 seconds (process running for 44.012)
]]></system-out>
  </testcase>
  <testcase name="testOwnerDetails" classname="org.springframework.samples.petclinic.MySqlIntegrationTests" time="0.226">
    <system-out><![CDATA[2023-09-07T21:05:55.543+03:00  INFO 3259 --- [o-auto-1-exec-1] o.a.c.c.C.[Tomcat].[localhost].[/]       : Initializing Spring DispatcherServlet 'dispatcherServlet'
2023-09-07T21:05:55.544+03:00  INFO 3259 --- [o-auto-1-exec-1] o.s.web.servlet.DispatcherServlet        : Initializing Servlet 'dispatcherServlet'
2023-09-07T21:05:55.545+03:00  INFO 3259 --- [o-auto-1-exec-1] o.s.web.servlet.DispatcherServlet        : Completed initialization in 1 ms
]]></system-out>
  </testcase>
</testsuite>